Started GET "/" for ::1 at 2021-01-26 22:07:57 +0900
  [1m[35m (4.7ms)[0m  [1m[34mSELECT sqlite_version(*)[0m
Processing by Rails::WelcomeController#index as HTML
  Rendering C:/Ruby27-x64/lib/ruby/gems/2.7.0/gems/railties-6.1.1/lib/rails/templates/rails/welcome/index.html.erb
  Rendered C:/Ruby27-x64/lib/ruby/gems/2.7.0/gems/railties-6.1.1/lib/rails/templates/rails/welcome/index.html.erb (Duration: 19.8ms | Allocations: 465)
Completed 200 OK in 69ms (Views: 35.9ms | ActiveRecord: 0.0ms | Allocations: 3833)


Started GET "/" for ::1 at 2021-01-26 22:08:08 +0900
Processing by Rails::WelcomeController#index as HTML
  Rendering C:/Ruby27-x64/lib/ruby/gems/2.7.0/gems/railties-6.1.1/lib/rails/templates/rails/welcome/index.html.erb
  Rendered C:/Ruby27-x64/lib/ruby/gems/2.7.0/gems/railties-6.1.1/lib/rails/templates/rails/welcome/index.html.erb (Duration: 5.4ms | Allocations: 219)
Completed 200 OK in 10ms (Views: 6.8ms | ActiveRecord: 0.0ms | Allocations: 832)


Started GET "/" for ::1 at 2021-01-26 22:11:03 +0900
Processing by Rails::WelcomeController#index as HTML
  Rendering C:/Ruby27-x64/lib/ruby/gems/2.7.0/gems/railties-6.1.1/lib/rails/templates/rails/welcome/index.html.erb
  Rendered C:/Ruby27-x64/lib/ruby/gems/2.7.0/gems/railties-6.1.1/lib/rails/templates/rails/welcome/index.html.erb (Duration: 0.3ms | Allocations: 46)
Completed 200 OK in 2ms (Views: 1.3ms | ActiveRecord: 0.0ms | Allocations: 342)


Started GET "/" for ::1 at 2021-01-26 22:18:14 +0900
  [1m[35m (0.8ms)[0m  [1m[34mSELECT sqlite_version(*)[0m
Processing by Rails::WelcomeController#index as HTML
  Rendering C:/Ruby27-x64/lib/ruby/gems/2.7.0/gems/railties-6.1.1/lib/rails/templates/rails/welcome/index.html.erb
  Rendered C:/Ruby27-x64/lib/ruby/gems/2.7.0/gems/railties-6.1.1/lib/rails/templates/rails/welcome/index.html.erb (Duration: 5.0ms | Allocations: 338)
Completed 200 OK in 19ms (Views: 7.8ms | ActiveRecord: 0.0ms | Allocations: 2496)


Started GET "/" for ::1 at 2021-01-26 22:18:19 +0900
Processing by Rails::WelcomeController#index as HTML
  Rendering C:/Ruby27-x64/lib/ruby/gems/2.7.0/gems/railties-6.1.1/lib/rails/templates/rails/welcome/index.html.erb
  Rendered C:/Ruby27-x64/lib/ruby/gems/2.7.0/gems/railties-6.1.1/lib/rails/templates/rails/welcome/index.html.erb (Duration: 5.6ms | Allocations: 216)
Completed 200 OK in 10ms (Views: 6.8ms | ActiveRecord: 0.0ms | Allocations: 829)


Started GET "/" for ::1 at 2021-01-26 22:18:20 +0900
Processing by Rails::WelcomeController#index as HTML
  Rendering C:/Ruby27-x64/lib/ruby/gems/2.7.0/gems/railties-6.1.1/lib/rails/templates/rails/welcome/index.html.erb
  Rendered C:/Ruby27-x64/lib/ruby/gems/2.7.0/gems/railties-6.1.1/lib/rails/templates/rails/welcome/index.html.erb (Duration: 0.3ms | Allocations: 46)
Completed 200 OK in 2ms (Views: 1.5ms | ActiveRecord: 0.0ms | Allocations: 342)


Started GET "/" for ::1 at 2021-01-26 22:18:20 +0900
Processing by Rails::WelcomeController#index as HTML
  Rendering C:/Ruby27-x64/lib/ruby/gems/2.7.0/gems/railties-6.1.1/lib/rails/templates/rails/welcome/index.html.erb
  Rendered C:/Ruby27-x64/lib/ruby/gems/2.7.0/gems/railties-6.1.1/lib/rails/templates/rails/welcome/index.html.erb (Duration: 0.3ms | Allocations: 45)
Completed 200 OK in 2ms (Views: 1.4ms | ActiveRecord: 0.0ms | Allocations: 335)


Started GET "/" for ::1 at 2021-01-26 22:22:03 +0900
  
ActionController::RoutingError (uninitialized constant WelcomController
Did you mean?  WelcomeController):
  
Started GET "/" for ::1 at 2021-01-26 22:22:47 +0900
  [1m[35m (0.8ms)[0m  [1m[34mSELECT sqlite_version(*)[0m
  
ActionController::RoutingError (uninitialized constant WelcomController
Did you mean?  WelcomeController):
  
Started GET "/" for ::1 at 2021-01-26 22:23:02 +0900
Processing by WelcomeController#index as HTML
  Rendering layout layouts/application.html.erb
  Rendering welcome/index.html.erb within layouts/application
  Rendered welcome/index.html.erb within layouts/application (Duration: 0.6ms | Allocations: 100)
[Webpacker] Compiling...
[Webpacker] Compilation failed:
yarn run v1.22.10
info Visit https://yarnpkg.com/en/docs/cli/run for documentation about this command.


error Command "webpack" not found.

  Rendered layout layouts/application.html.erb (Duration: 2297.6ms | Allocations: 18660)
Completed 500 Internal Server Error in 2308ms (Allocations: 20536)


  
ActionView::Template::Error (Webpacker can't find application.js in C:/source/blog/public/packs/manifest.json. Possible causes:
1. You want to set webpacker.yml value of compile to true for your environment
   unless you are using the `webpack -w` or the webpack-dev-server.
2. webpack has not yet re-run to reflect updates.
3. You have misconfigured Webpacker's config/webpacker.yml file.
4. Your webpack configuration is not creating a manifest.
Your manifest contains:
{
}
):
     7:     <%= csp_meta_tag %>
     8: 
     9:     <%= stylesheet_link_tag 'application', media: 'all', 'data-turbolinks-track': 'reload' %>
    10:     <%= javascript_pack_tag 'application', 'data-turbolinks-track': 'reload' %>
    11:   </head>
    12: 
    13:   <body>
  
app/views/layouts/application.html.erb:10
Started GET "/welcome/index" for ::1 at 2021-01-26 22:23:35 +0900
Processing by WelcomeController#index as HTML
  Rendering layout layouts/application.html.erb
  Rendering welcome/index.html.erb within layouts/application
  Rendered welcome/index.html.erb within layouts/application (Duration: 0.1ms | Allocations: 35)
[Webpacker] Compiling...
[Webpacker] Compilation failed:
yarn run v1.22.10
info Visit https://yarnpkg.com/en/docs/cli/run for documentation about this command.


error Command "webpack" not found.

  Rendered layout layouts/application.html.erb (Duration: 2131.5ms | Allocations: 6354)
Completed 500 Internal Server Error in 2133ms (Allocations: 6654)


  
ActionView::Template::Error (Webpacker can't find application.js in C:/source/blog/public/packs/manifest.json. Possible causes:
1. You want to set webpacker.yml value of compile to true for your environment
   unless you are using the `webpack -w` or the webpack-dev-server.
2. webpack has not yet re-run to reflect updates.
3. You have misconfigured Webpacker's config/webpacker.yml file.
4. Your webpack configuration is not creating a manifest.
Your manifest contains:
{
}
):
     7:     <%= csp_meta_tag %>
     8: 
     9:     <%= stylesheet_link_tag 'application', media: 'all', 'data-turbolinks-track': 'reload' %>
    10:     <%= javascript_pack_tag 'application', 'data-turbolinks-track': 'reload' %>
    11:   </head>
    12: 
    13:   <body>
  
app/views/layouts/application.html.erb:10
Started GET "/" for ::1 at 2021-01-26 22:26:33 +0900
Processing by WelcomeController#index as HTML
  Rendering layout layouts/application.html.erb
  Rendering welcome/index.html.erb within layouts/application
  Rendered welcome/index.html.erb within layouts/application (Duration: 0.1ms | Allocations: 35)
[Webpacker] Compiling...
[Webpacker] Compilation failed:
yarn run v1.22.10
info Visit https://yarnpkg.com/en/docs/cli/run for documentation about this command.


error Command "webpack" not found.

  Rendered layout layouts/application.html.erb (Duration: 3711.0ms | Allocations: 6432)
Completed 500 Internal Server Error in 3713ms (Allocations: 6845)


  
ActionView::Template::Error (Webpacker can't find application.js in C:/source/blog/public/packs/manifest.json. Possible causes:
1. You want to set webpacker.yml value of compile to true for your environment
   unless you are using the `webpack -w` or the webpack-dev-server.
2. webpack has not yet re-run to reflect updates.
3. You have misconfigured Webpacker's config/webpacker.yml file.
4. Your webpack configuration is not creating a manifest.
Your manifest contains:
{
}
):
     7:     <%= csp_meta_tag %>
     8: 
     9:     <%= stylesheet_link_tag 'application', media: 'all', 'data-turbolinks-track': 'reload' %>
    10:     <%= javascript_pack_tag 'application', 'data-turbolinks-track': 'reload' %>
    11:   </head>
    12: 
    13:   <body>
  
app/views/layouts/application.html.erb:10
Started GET "/" for ::1 at 2021-01-26 22:36:51 +0900
  [1m[35m (0.8ms)[0m  [1m[34mSELECT sqlite_version(*)[0m
Processing by WelcomeController#index as HTML
  Rendering layout layouts/application.html.erb
  Rendering welcome/index.html.erb within layouts/application
  Rendered welcome/index.html.erb within layouts/application (Duration: 1.1ms | Allocations: 218)
[Webpacker] Compiling...
[Webpacker] Compilation failed:
yarn run v1.22.10
info Visit https://yarnpkg.com/en/docs/cli/run for documentation about this command.


error Command "webpack" not found.

  Rendered layout layouts/application.html.erb (Duration: 2329.1ms | Allocations: 9535)
Completed 500 Internal Server Error in 2350ms (ActiveRecord: 0.0ms | Allocations: 12066)


  
ActionView::Template::Error (Webpacker can't find application.js in C:/source/blog/public/packs/manifest.json. Possible causes:
1. You want to set webpacker.yml value of compile to true for your environment
   unless you are using the `webpack -w` or the webpack-dev-server.
2. webpack has not yet re-run to reflect updates.
3. You have misconfigured Webpacker's config/webpacker.yml file.
4. Your webpack configuration is not creating a manifest.
Your manifest contains:
{
}
):
     7:     <%= csp_meta_tag %>
     8: 
     9:     <%= stylesheet_link_tag 'application', media: 'all', 'data-turbolinks-track': 'reload' %>
    10:     <%= javascript_pack_tag 'application', 'data-turbolinks-track': 'reload' %>
    11:   </head>
    12: 
    13:   <body>
  
app/views/layouts/application.html.erb:10
Started GET "/" for ::1 at 2021-01-26 22:41:33 +0900
  [1m[35m (1.3ms)[0m  [1m[34mSELECT sqlite_version(*)[0m
Processing by WelcomeController#index as HTML
  Rendering layout layouts/application.html.erb
  Rendering welcome/index.html.erb within layouts/application
  Rendered welcome/index.html.erb within layouts/application (Duration: 1.6ms | Allocations: 218)
[Webpacker] Compiling...
[Webpacker] Compilation failed:
yarn run v1.22.10
info Visit https://yarnpkg.com/en/docs/cli/run for documentation about this command.


error Command "webpack" not found.

  Rendered layout layouts/application.html.erb (Duration: 2388.3ms | Allocations: 9539)
Completed 500 Internal Server Error in 2407ms (ActiveRecord: 0.0ms | Allocations: 12070)


  
ActionView::Template::Error (Webpacker can't find application.js in C:/source/blog/public/packs/manifest.json. Possible causes:
1. You want to set webpacker.yml value of compile to true for your environment
   unless you are using the `webpack -w` or the webpack-dev-server.
2. webpack has not yet re-run to reflect updates.
3. You have misconfigured Webpacker's config/webpacker.yml file.
4. Your webpack configuration is not creating a manifest.
Your manifest contains:
{
}
):
     7:     <%= csp_meta_tag %>
     8: 
     9:     <%= stylesheet_link_tag 'application', media: 'all', 'data-turbolinks-track': 'reload' %>
    10:     <%= javascript_pack_tag 'application', 'data-turbolinks-track': 'reload' %>
    11:   </head>
    12: 
    13:   <body>
  
app/views/layouts/application.html.erb:10
Started GET "/" for ::1 at 2021-01-26 23:01:50 +0900
  
NameError (uninitialized constant ApplicationController::Base
Did you mean?  Base64):
  
app/controllers/welcome_controller.rb:1:in `<main>'
Started GET "/" for ::1 at 2021-01-26 23:02:01 +0900
Processing by WelcomeController#index as HTML
  Rendering layout layouts/application.html.erb
  Rendering welcome/index.html.erb within layouts/application
  Rendered welcome/index.html.erb within layouts/application (Duration: 0.1ms | Allocations: 35)
[Webpacker] Compiling...
[Webpacker] Compilation failed:
yarn run v1.22.10
info Visit https://yarnpkg.com/en/docs/cli/run for documentation about this command.


error Command "webpack" not found.

  Rendered layout layouts/application.html.erb (Duration: 2486.4ms | Allocations: 6479)
Completed 500 Internal Server Error in 2488ms (Allocations: 6904)


  
ActionView::Template::Error (Webpacker can't find application.js in C:/source/blog/public/packs/manifest.json. Possible causes:
1. You want to set webpacker.yml value of compile to true for your environment
   unless you are using the `webpack -w` or the webpack-dev-server.
2. webpack has not yet re-run to reflect updates.
3. You have misconfigured Webpacker's config/webpacker.yml file.
4. Your webpack configuration is not creating a manifest.
Your manifest contains:
{
}
):
     7:     <%= csp_meta_tag %>
     8: 
     9:     <%= stylesheet_link_tag 'application', media: 'all', 'data-turbolinks-track': 'reload' %>
    10:     <%= javascript_pack_tag 'application', 'data-turbolinks-track': 'reload' %>
    11:   </head>
    12: 
    13:   <body>
  
app/views/layouts/application.html.erb:10
Started GET "/" for ::1 at 2021-01-26 23:02:27 +0900
Processing by Rails::WelcomeController#index as HTML
  Rendering C:/Ruby27-x64/lib/ruby/gems/2.7.0/gems/railties-6.1.1/lib/rails/templates/rails/welcome/index.html.erb
  Rendered C:/Ruby27-x64/lib/ruby/gems/2.7.0/gems/railties-6.1.1/lib/rails/templates/rails/welcome/index.html.erb (Duration: 4.7ms | Allocations: 220)
Completed 200 OK in 9ms (Views: 5.9ms | Allocations: 895)


Started GET "/" for ::1 at 2021-01-26 23:02:38 +0900
  
ArgumentError ('Welcome' is not a supported controller name. This can lead to potential routing problems. See https://guides.rubyonrails.org/routing.html#specifying-a-controller-to-use):
  
config/routes.rb:4:in `block in <main>'
config/routes.rb:1:in `<main>'
Started GET "/" for ::1 at 2021-01-26 23:02:44 +0900
Processing by WelcomeController#index as HTML
  Rendering layout layouts/application.html.erb
  Rendering welcome/index.html.erb within layouts/application
  Rendered welcome/index.html.erb within layouts/application (Duration: 0.6ms | Allocations: 99)
[Webpacker] Compiling...
[Webpacker] Compilation failed:
yarn run v1.22.10
info Visit https://yarnpkg.com/en/docs/cli/run for documentation about this command.


error Command "webpack" not found.

  Rendered layout layouts/application.html.erb (Duration: 2267.9ms | Allocations: 6686)
Completed 500 Internal Server Error in 2276ms (Allocations: 7697)


  
ActionView::Template::Error (Webpacker can't find application.js in C:/source/blog/public/packs/manifest.json. Possible causes:
1. You want to set webpacker.yml value of compile to true for your environment
   unless you are using the `webpack -w` or the webpack-dev-server.
2. webpack has not yet re-run to reflect updates.
3. You have misconfigured Webpacker's config/webpacker.yml file.
4. Your webpack configuration is not creating a manifest.
Your manifest contains:
{
}
):
     7:     <%= csp_meta_tag %>
     8: 
     9:     <%= stylesheet_link_tag 'application', media: 'all', 'data-turbolinks-track': 'reload' %>
    10:     <%= javascript_pack_tag 'application', 'data-turbolinks-track': 'reload' %>
    11:   </head>
    12: 
    13:   <body>
  
app/views/layouts/application.html.erb:10
Started GET "/" for ::1 at 2021-01-26 23:06:01 +0900
  
SyntaxError (C:/source/blog/config/routes.rb:2: syntax error, unexpected string literal, expecting `do' or '{' or '('
  get 'welcome/index',root 'welcome#index'
                           ^
):
  
config/routes.rb:2: syntax error, unexpected string literal, expecting `do' or '{' or '('
config/routes.rb:2: syntax error, unexpected string literal, expecting `do' or '{' or '('
config/routes.rb:2: syntax error, unexpected string literal, expecting `do' or '{' or '('
Started GET "/" for ::1 at 2021-01-26 23:06:15 +0900
Processing by WelcomeController#index as HTML
  Rendering layout layouts/application.html.erb
  Rendering welcome/index.html.erb within layouts/application
  Rendered welcome/index.html.erb within layouts/application (Duration: 0.1ms | Allocations: 35)
[Webpacker] Compiling...
[Webpacker] Compilation failed:
yarn run v1.22.10
info Visit https://yarnpkg.com/en/docs/cli/run for documentation about this command.


error Command "webpack" not found.

  Rendered layout layouts/application.html.erb (Duration: 2291.9ms | Allocations: 6452)
Completed 500 Internal Server Error in 2294ms (Allocations: 6865)


  
ActionView::Template::Error (Webpacker can't find application.js in C:/source/blog/public/packs/manifest.json. Possible causes:
1. You want to set webpacker.yml value of compile to true for your environment
   unless you are using the `webpack -w` or the webpack-dev-server.
2. webpack has not yet re-run to reflect updates.
3. You have misconfigured Webpacker's config/webpacker.yml file.
4. Your webpack configuration is not creating a manifest.
Your manifest contains:
{
}
):
     7:     <%= csp_meta_tag %>
     8: 
     9:     <%= stylesheet_link_tag 'application', media: 'all', 'data-turbolinks-track': 'reload' %>
    10:     <%= javascript_pack_tag 'application', 'data-turbolinks-track': 'reload' %>
    11:   </head>
    12: 
    13:   <body>
  
app/views/layouts/application.html.erb:10
Started GET "/" for ::1 at 2021-01-26 23:08:50 +0900
Processing by WelcomeController#index as HTML
  Rendering layout layouts/application.html.erb
  Rendering welcome/index.html.erb within layouts/application
  Rendered welcome/index.html.erb within layouts/application (Duration: 0.6ms | Allocations: 99)
[Webpacker] Compiling...
[Webpacker] Compilation failed:
yarn run v1.22.10
info Visit https://yarnpkg.com/en/docs/cli/run for documentation about this command.


error Command "webpack" not found.

  Rendered layout layouts/application.html.erb (Duration: 2333.9ms | Allocations: 6692)
Completed 500 Internal Server Error in 2343ms (Allocations: 7698)


  
ActionView::Template::Error (Webpacker can't find application.js in C:/source/blog/public/packs/manifest.json. Possible causes:
1. You want to set webpacker.yml value of compile to true for your environment
   unless you are using the `webpack -w` or the webpack-dev-server.
2. webpack has not yet re-run to reflect updates.
3. You have misconfigured Webpacker's config/webpacker.yml file.
4. Your webpack configuration is not creating a manifest.
Your manifest contains:
{
}
):
     7:     <%= csp_meta_tag %>
     8: 
     9:     <%= stylesheet_link_tag 'application', media: 'all', 'data-turbolinks-track': 'reload' %>
    10:     <!--<%= javascript_pack_tag 'application', 'data-turbolinks-track': 'reload' %>-->
    11:   </head>
    12: 
    13:   <body>
  
app/views/layouts/application.html.erb:10
Started GET "/" for ::1 at 2021-01-26 23:09:05 +0900
Processing by WelcomeController#index as HTML
  Rendering layout layouts/application.html.erb
  Rendering welcome/index.html.erb within layouts/application
  Rendered welcome/index.html.erb within layouts/application (Duration: 0.7ms | Allocations: 99)
  Rendered layout layouts/application.html.erb (Duration: 9.4ms | Allocations: 2031)
Completed 200 OK in 18ms (Views: 15.5ms | Allocations: 3064)


Started GET "/" for ::1 at 2021-01-26 23:09:13 +0900
Processing by WelcomeController#index as HTML
  Rendering layout layouts/application.html.erb
  Rendering welcome/index.html.erb within layouts/application
  Rendered welcome/index.html.erb within layouts/application (Duration: 0.1ms | Allocations: 35)
  Rendered layout layouts/application.html.erb (Duration: 6.0ms | Allocations: 1803)
Completed 200 OK in 8ms (Views: 7.1ms | Allocations: 2181)


Started GET "/" for ::1 at 2021-01-26 23:09:48 +0900
Processing by WelcomeController#index as HTML
  Rendering layout layouts/application.html.erb
  Rendering welcome/index.html.erb within layouts/application
  Rendered welcome/index.html.erb within layouts/application (Duration: 0.6ms | Allocations: 102)
  Rendered layout layouts/application.html.erb (Duration: 6.5ms | Allocations: 2014)
Completed 200 OK in 15ms (Views: 13.0ms | Allocations: 3099)


Started GET "/articles/new" for ::1 at 2021-01-27 00:54:52 +0900
  [1m[35m (0.8ms)[0m  [1m[34mSELECT sqlite_version(*)[0m
  
AbstractController::ActionNotFound (The action 'new' could not be found for ArticlesController):
  
actionpack (6.1.1) lib/abstract_controller/base.rb:160:in `process'
actionview (6.1.1) lib/action_view/rendering.rb:39:in `process'
actionpack (6.1.1) lib/action_controller/metal.rb:190:in `dispatch'
actionpack (6.1.1) lib/action_controller/metal.rb:254:in `dispatch'
actionpack (6.1.1) lib/action_dispatch/routing/route_set.rb:50:in `dispatch'
actionpack (6.1.1) lib/action_dispatch/routing/route_set.rb:33:in `serve'
actionpack (6.1.1) lib/action_dispatch/journey/router.rb:50:in `block in serve'
actionpack (6.1.1) lib/action_dispatch/journey/router.rb:32:in `each'
actionpack (6.1.1) lib/action_dispatch/journey/router.rb:32:in `serve'
actionpack (6.1.1) lib/action_dispatch/routing/route_set.rb:842:in `call'
rack (2.2.3) lib/rack/tempfile_reaper.rb:15:in `call'
rack (2.2.3) lib/rack/etag.rb:27:in `call'
rack (2.2.3) lib/rack/conditional_get.rb:27:in `call'
rack (2.2.3) lib/rack/head.rb:12:in `call'
actionpack (6.1.1) lib/action_dispatch/http/permissions_policy.rb:22:in `call'
actionpack (6.1.1) lib/action_dispatch/http/content_security_policy.rb:18:in `call'
rack (2.2.3) lib/rack/session/abstract/id.rb:266:in `context'
rack (2.2.3) lib/rack/session/abstract/id.rb:260:in `call'
actionpack (6.1.1) lib/action_dispatch/middleware/cookies.rb:689:in `call'
activerecord (6.1.1) lib/active_record/migration.rb:601:in `call'
actionpack (6.1.1) lib/action_dispatch/middleware/callbacks.rb:27:in `block in call'
activesupport (6.1.1) lib/active_support/callbacks.rb:98:in `run_callbacks'
actionpack (6.1.1) lib/action_dispatch/middleware/callbacks.rb:26:in `call'
actionpack (6.1.1) lib/action_dispatch/middleware/executor.rb:14:in `call'
actionpack (6.1.1) lib/action_dispatch/middleware/actionable_exceptions.rb:18:in `call'
actionpack (6.1.1) lib/action_dispatch/middleware/debug_exceptions.rb:29:in `call'
web-console (4.1.0) lib/web_console/middleware.rb:132:in `call_app'
web-console (4.1.0) lib/web_console/middleware.rb:28:in `block in call'
web-console (4.1.0) lib/web_console/middleware.rb:17:in `catch'
web-console (4.1.0) lib/web_console/middleware.rb:17:in `call'
actionpack (6.1.1) lib/action_dispatch/middleware/show_exceptions.rb:33:in `call'
railties (6.1.1) lib/rails/rack/logger.rb:37:in `call_app'
railties (6.1.1) lib/rails/rack/logger.rb:26:in `block in call'
activesupport (6.1.1) lib/active_support/tagged_logging.rb:99:in `block in tagged'
activesupport (6.1.1) lib/active_support/tagged_logging.rb:37:in `tagged'
activesupport (6.1.1) lib/active_support/tagged_logging.rb:99:in `tagged'
railties (6.1.1) lib/rails/rack/logger.rb:26:in `call'
sprockets-rails (3.2.2) lib/sprockets/rails/quiet_assets.rb:13:in `call'
actionpack (6.1.1) lib/action_dispatch/middleware/remote_ip.rb:81:in `call'
actionpack (6.1.1) lib/action_dispatch/middleware/request_id.rb:26:in `call'
rack (2.2.3) lib/rack/method_override.rb:24:in `call'
rack (2.2.3) lib/rack/runtime.rb:22:in `call'
activesupport (6.1.1) lib/active_support/cache/strategy/local_cache_middleware.rb:29:in `call'
actionpack (6.1.1) lib/action_dispatch/middleware/executor.rb:14:in `call'
actionpack (6.1.1) lib/action_dispatch/middleware/static.rb:24:in `call'
rack (2.2.3) lib/rack/sendfile.rb:110:in `call'
actionpack (6.1.1) lib/action_dispatch/middleware/host_authorization.rb:98:in `call'
rack-mini-profiler (2.3.0) lib/mini_profiler/profiler.rb:373:in `call'
webpacker (5.2.1) lib/webpacker/dev_server_proxy.rb:25:in `perform_request'
rack-proxy (0.6.5) lib/rack/proxy.rb:57:in `call'
railties (6.1.1) lib/rails/engine.rb:539:in `call'
puma (5.1.1) lib/puma/configuration.rb:246:in `call'
puma (5.1.1) lib/puma/request.rb:76:in `block in handle_request'
puma (5.1.1) lib/puma/thread_pool.rb:337:in `with_force_shutdown'
puma (5.1.1) lib/puma/request.rb:75:in `handle_request'
puma (5.1.1) lib/puma/server.rb:431:in `process_client'
puma (5.1.1) lib/puma/thread_pool.rb:145:in `block in spawn_thread'
Started GET "/articless/new" for ::1 at 2021-01-27 00:55:00 +0900
  
ActionController::RoutingError (No route matches [GET] "/articless/new"):
  
Started GET "/articles/new" for ::1 at 2021-01-27 00:55:06 +0900
  
AbstractController::ActionNotFound (The action 'new' could not be found for ArticlesController):
  
actionpack (6.1.1) lib/abstract_controller/base.rb:160:in `process'
actionview (6.1.1) lib/action_view/rendering.rb:39:in `process'
actionpack (6.1.1) lib/action_controller/metal.rb:190:in `dispatch'
actionpack (6.1.1) lib/action_controller/metal.rb:254:in `dispatch'
actionpack (6.1.1) lib/action_dispatch/routing/route_set.rb:50:in `dispatch'
actionpack (6.1.1) lib/action_dispatch/routing/route_set.rb:33:in `serve'
actionpack (6.1.1) lib/action_dispatch/journey/router.rb:50:in `block in serve'
actionpack (6.1.1) lib/action_dispatch/journey/router.rb:32:in `each'
actionpack (6.1.1) lib/action_dispatch/journey/router.rb:32:in `serve'
actionpack (6.1.1) lib/action_dispatch/routing/route_set.rb:842:in `call'
rack (2.2.3) lib/rack/tempfile_reaper.rb:15:in `call'
rack (2.2.3) lib/rack/etag.rb:27:in `call'
rack (2.2.3) lib/rack/conditional_get.rb:27:in `call'
rack (2.2.3) lib/rack/head.rb:12:in `call'
actionpack (6.1.1) lib/action_dispatch/http/permissions_policy.rb:22:in `call'
actionpack (6.1.1) lib/action_dispatch/http/content_security_policy.rb:18:in `call'
rack (2.2.3) lib/rack/session/abstract/id.rb:266:in `context'
rack (2.2.3) lib/rack/session/abstract/id.rb:260:in `call'
actionpack (6.1.1) lib/action_dispatch/middleware/cookies.rb:689:in `call'
activerecord (6.1.1) lib/active_record/migration.rb:601:in `call'
actionpack (6.1.1) lib/action_dispatch/middleware/callbacks.rb:27:in `block in call'
activesupport (6.1.1) lib/active_support/callbacks.rb:98:in `run_callbacks'
actionpack (6.1.1) lib/action_dispatch/middleware/callbacks.rb:26:in `call'
actionpack (6.1.1) lib/action_dispatch/middleware/executor.rb:14:in `call'
actionpack (6.1.1) lib/action_dispatch/middleware/actionable_exceptions.rb:18:in `call'
actionpack (6.1.1) lib/action_dispatch/middleware/debug_exceptions.rb:29:in `call'
web-console (4.1.0) lib/web_console/middleware.rb:132:in `call_app'
web-console (4.1.0) lib/web_console/middleware.rb:28:in `block in call'
web-console (4.1.0) lib/web_console/middleware.rb:17:in `catch'
web-console (4.1.0) lib/web_console/middleware.rb:17:in `call'
actionpack (6.1.1) lib/action_dispatch/middleware/show_exceptions.rb:33:in `call'
railties (6.1.1) lib/rails/rack/logger.rb:37:in `call_app'
railties (6.1.1) lib/rails/rack/logger.rb:26:in `block in call'
activesupport (6.1.1) lib/active_support/tagged_logging.rb:99:in `block in tagged'
activesupport (6.1.1) lib/active_support/tagged_logging.rb:37:in `tagged'
activesupport (6.1.1) lib/active_support/tagged_logging.rb:99:in `tagged'
railties (6.1.1) lib/rails/rack/logger.rb:26:in `call'
sprockets-rails (3.2.2) lib/sprockets/rails/quiet_assets.rb:13:in `call'
actionpack (6.1.1) lib/action_dispatch/middleware/remote_ip.rb:81:in `call'
actionpack (6.1.1) lib/action_dispatch/middleware/request_id.rb:26:in `call'
rack (2.2.3) lib/rack/method_override.rb:24:in `call'
rack (2.2.3) lib/rack/runtime.rb:22:in `call'
activesupport (6.1.1) lib/active_support/cache/strategy/local_cache_middleware.rb:29:in `call'
actionpack (6.1.1) lib/action_dispatch/middleware/executor.rb:14:in `call'
actionpack (6.1.1) lib/action_dispatch/middleware/static.rb:24:in `call'
rack (2.2.3) lib/rack/sendfile.rb:110:in `call'
actionpack (6.1.1) lib/action_dispatch/middleware/host_authorization.rb:98:in `call'
rack-mini-profiler (2.3.0) lib/mini_profiler/profiler.rb:373:in `call'
webpacker (5.2.1) lib/webpacker/dev_server_proxy.rb:25:in `perform_request'
rack-proxy (0.6.5) lib/rack/proxy.rb:57:in `call'
railties (6.1.1) lib/rails/engine.rb:539:in `call'
puma (5.1.1) lib/puma/configuration.rb:246:in `call'
puma (5.1.1) lib/puma/request.rb:76:in `block in handle_request'
puma (5.1.1) lib/puma/thread_pool.rb:337:in `with_force_shutdown'
puma (5.1.1) lib/puma/request.rb:75:in `handle_request'
puma (5.1.1) lib/puma/server.rb:431:in `process_client'
puma (5.1.1) lib/puma/thread_pool.rb:145:in `block in spawn_thread'
Started GET "/articles/new" for ::1 at 2021-01-27 00:56:08 +0900
  
SyntaxError (C:/source/blog/app/controllers/articles_controller.rb:3: syntax error, unexpected end-of-input, expecting `end'):
  
app/controllers/articles_controller.rb:3: syntax error, unexpected end-of-input, expecting `end'
app/controllers/articles_controller.rb:3: syntax error, unexpected end-of-input, expecting `end'
app/controllers/articles_controller.rb:3: syntax error, unexpected end-of-input, expecting `end'
Started GET "/articles/new" for ::1 at 2021-01-27 00:56:37 +0900
Processing by ArticlesController#new as HTML
Completed 406 Not Acceptable in 15ms (Allocations: 2699)


  
ActionController::MissingExactTemplate (ArticlesController#new is missing a template for request formats: text/html):
  
actionpack (6.1.1) lib/action_controller/metal/implicit_render.rb:45:in `default_render'
actionpack (6.1.1) lib/action_controller/metal/basic_implicit_render.rb:6:in `block in send_action'
actionpack (6.1.1) lib/action_controller/metal/basic_implicit_render.rb:6:in `tap'
actionpack (6.1.1) lib/action_controller/metal/basic_implicit_render.rb:6:in `send_action'
actionpack (6.1.1) lib/abstract_controller/base.rb:228:in `process_action'
actionpack (6.1.1) lib/action_controller/metal/rendering.rb:30:in `process_action'
actionpack (6.1.1) lib/abstract_controller/callbacks.rb:42:in `block in process_action'
activesupport (6.1.1) lib/active_support/callbacks.rb:117:in `block in run_callbacks'
actiontext (6.1.1) lib/action_text/rendering.rb:20:in `with_renderer'
actiontext (6.1.1) lib/action_text/engine.rb:55:in `block (4 levels) in <class:Engine>'
activesupport (6.1.1) lib/active_support/callbacks.rb:126:in `instance_exec'
activesupport (6.1.1) lib/active_support/callbacks.rb:126:in `block in run_callbacks'
activesupport (6.1.1) lib/active_support/callbacks.rb:137:in `run_callbacks'
actionpack (6.1.1) lib/abstract_controller/callbacks.rb:41:in `process_action'
actionpack (6.1.1) lib/action_controller/metal/rescue.rb:22:in `process_action'
actionpack (6.1.1) lib/action_controller/metal/instrumentation.rb:34:in `block in process_action'
activesupport (6.1.1) lib/active_support/notifications.rb:203:in `block in instrument'
activesupport (6.1.1) lib/active_support/notifications/instrumenter.rb:24:in `instrument'
activesupport (6.1.1) lib/active_support/notifications.rb:203:in `instrument'
actionpack (6.1.1) lib/action_controller/metal/instrumentation.rb:33:in `process_action'
actionpack (6.1.1) lib/action_controller/metal/params_wrapper.rb:249:in `process_action'
activerecord (6.1.1) lib/active_record/railties/controller_runtime.rb:27:in `process_action'
actionpack (6.1.1) lib/abstract_controller/base.rb:165:in `process'
actionview (6.1.1) lib/action_view/rendering.rb:39:in `process'
actionpack (6.1.1) lib/action_controller/metal.rb:190:in `dispatch'
actionpack (6.1.1) lib/action_controller/metal.rb:254:in `dispatch'
actionpack (6.1.1) lib/action_dispatch/routing/route_set.rb:50:in `dispatch'
actionpack (6.1.1) lib/action_dispatch/routing/route_set.rb:33:in `serve'
actionpack (6.1.1) lib/action_dispatch/journey/router.rb:50:in `block in serve'
actionpack (6.1.1) lib/action_dispatch/journey/router.rb:32:in `each'
actionpack (6.1.1) lib/action_dispatch/journey/router.rb:32:in `serve'
actionpack (6.1.1) lib/action_dispatch/routing/route_set.rb:842:in `call'
rack (2.2.3) lib/rack/tempfile_reaper.rb:15:in `call'
rack (2.2.3) lib/rack/etag.rb:27:in `call'
rack (2.2.3) lib/rack/conditional_get.rb:27:in `call'
rack (2.2.3) lib/rack/head.rb:12:in `call'
actionpack (6.1.1) lib/action_dispatch/http/permissions_policy.rb:22:in `call'
actionpack (6.1.1) lib/action_dispatch/http/content_security_policy.rb:18:in `call'
rack (2.2.3) lib/rack/session/abstract/id.rb:266:in `context'
rack (2.2.3) lib/rack/session/abstract/id.rb:260:in `call'
actionpack (6.1.1) lib/action_dispatch/middleware/cookies.rb:689:in `call'
activerecord (6.1.1) lib/active_record/migration.rb:601:in `call'
actionpack (6.1.1) lib/action_dispatch/middleware/callbacks.rb:27:in `block in call'
activesupport (6.1.1) lib/active_support/callbacks.rb:98:in `run_callbacks'
actionpack (6.1.1) lib/action_dispatch/middleware/callbacks.rb:26:in `call'
actionpack (6.1.1) lib/action_dispatch/middleware/executor.rb:14:in `call'
actionpack (6.1.1) lib/action_dispatch/middleware/actionable_exceptions.rb:18:in `call'
actionpack (6.1.1) lib/action_dispatch/middleware/debug_exceptions.rb:29:in `call'
web-console (4.1.0) lib/web_console/middleware.rb:132:in `call_app'
web-console (4.1.0) lib/web_console/middleware.rb:28:in `block in call'
web-console (4.1.0) lib/web_console/middleware.rb:17:in `catch'
web-console (4.1.0) lib/web_console/middleware.rb:17:in `call'
actionpack (6.1.1) lib/action_dispatch/middleware/show_exceptions.rb:33:in `call'
railties (6.1.1) lib/rails/rack/logger.rb:37:in `call_app'
railties (6.1.1) lib/rails/rack/logger.rb:26:in `block in call'
activesupport (6.1.1) lib/active_support/tagged_logging.rb:99:in `block in tagged'
activesupport (6.1.1) lib/active_support/tagged_logging.rb:37:in `tagged'
activesupport (6.1.1) lib/active_support/tagged_logging.rb:99:in `tagged'
railties (6.1.1) lib/rails/rack/logger.rb:26:in `call'
sprockets-rails (3.2.2) lib/sprockets/rails/quiet_assets.rb:13:in `call'
actionpack (6.1.1) lib/action_dispatch/middleware/remote_ip.rb:81:in `call'
actionpack (6.1.1) lib/action_dispatch/middleware/request_id.rb:26:in `call'
rack (2.2.3) lib/rack/method_override.rb:24:in `call'
rack (2.2.3) lib/rack/runtime.rb:22:in `call'
activesupport (6.1.1) lib/active_support/cache/strategy/local_cache_middleware.rb:29:in `call'
actionpack (6.1.1) lib/action_dispatch/middleware/executor.rb:14:in `call'
actionpack (6.1.1) lib/action_dispatch/middleware/static.rb:24:in `call'
rack (2.2.3) lib/rack/sendfile.rb:110:in `call'
actionpack (6.1.1) lib/action_dispatch/middleware/host_authorization.rb:98:in `call'
rack-mini-profiler (2.3.0) lib/mini_profiler/profiler.rb:373:in `call'
webpacker (5.2.1) lib/webpacker/dev_server_proxy.rb:25:in `perform_request'
rack-proxy (0.6.5) lib/rack/proxy.rb:57:in `call'
railties (6.1.1) lib/rails/engine.rb:539:in `call'
puma (5.1.1) lib/puma/configuration.rb:246:in `call'
puma (5.1.1) lib/puma/request.rb:76:in `block in handle_request'
puma (5.1.1) lib/puma/thread_pool.rb:337:in `with_force_shutdown'
puma (5.1.1) lib/puma/request.rb:75:in `handle_request'
puma (5.1.1) lib/puma/server.rb:431:in `process_client'
puma (5.1.1) lib/puma/thread_pool.rb:145:in `block in spawn_thread'
Started GET "/articles/new" for ::1 at 2021-01-27 01:04:39 +0900
Processing by ArticlesController#new as HTML
  Rendering layout layouts/application.html.erb
  Rendering articles/new.html.erb within layouts/application
  Rendered articles/new.html.erb within layouts/application (Duration: 0.5ms | Allocations: 101)
  Rendered layout layouts/application.html.erb (Duration: 79.5ms | Allocations: 17350)
Completed 200 OK in 87ms (Views: 85.1ms | Allocations: 18488)


Started GET "/articles/new" for ::1 at 2021-01-27 01:04:44 +0900
Processing by ArticlesController#new as HTML
  Rendering layout layouts/application.html.erb
  Rendering articles/new.html.erb within layouts/application
  Rendered articles/new.html.erb within layouts/application (Duration: 0.1ms | Allocations: 35)
  Rendered layout layouts/application.html.erb (Duration: 6.2ms | Allocations: 1948)
Completed 200 OK in 8ms (Views: 7.1ms | Allocations: 2322)


Started GET "/articles/new" for ::1 at 2021-01-27 01:04:50 +0900
Processing by ArticlesController#new as HTML
  Rendering layout layouts/application.html.erb
  Rendering articles/new.html.erb within layouts/application
  Rendered articles/new.html.erb within layouts/application (Duration: 0.5ms | Allocations: 103)
  Rendered layout layouts/application.html.erb (Duration: 6.6ms | Allocations: 2174)
Completed 200 OK in 18ms (Views: 15.2ms | Allocations: 3263)


Started GET "/articles/new" for ::1 at 2021-01-27 01:04:54 +0900
Processing by ArticlesController#new as HTML
  Rendering layout layouts/application.html.erb
  Rendering articles/new.html.erb within layouts/application
  Rendered articles/new.html.erb within layouts/application (Duration: 0.6ms | Allocations: 100)
  Rendered layout layouts/application.html.erb (Duration: 6.6ms | Allocations: 2165)
Completed 200 OK in 15ms (Views: 12.7ms | Allocations: 3248)


Started GET "/articles/new" for ::1 at 2021-01-27 01:05:57 +0900
Processing by ArticlesController#new as HTML
  Rendering layout layouts/application.html.erb
  Rendering articles/new.html.erb within layouts/application
  Rendered articles/new.html.erb within layouts/application (Duration: 82.4ms | Allocations: 6862)
  Rendered layout layouts/application.html.erb (Duration: 88.6ms | Allocations: 8925)
Completed 200 OK in 97ms (Views: 94.4ms | Allocations: 10006)


Started POST "/articles/new" for ::1 at 2021-01-27 01:05:59 +0900
  
ActionController::RoutingError (No route matches [POST] "/articles/new"):
  
Started GET "/articles/new" for ::1 at 2021-01-27 01:06:00 +0900
Processing by ArticlesController#new as HTML
  Rendering layout layouts/application.html.erb
  Rendering articles/new.html.erb within layouts/application
  Rendered articles/new.html.erb within layouts/application (Duration: 0.9ms | Allocations: 495)
  Rendered layout layouts/application.html.erb (Duration: 6.4ms | Allocations: 2411)
Completed 200 OK in 8ms (Views: 7.6ms | Allocations: 2786)


